Traceback (most recent call last):
  File "<frozen runpy>", line 198, in _run_module_as_main
  File "<frozen runpy>", line 88, in _run_code
  File "C:\Users\daniy\Desktop\Projects\NewBot\.worktrees\bullet-beast\tools\experiment\match.py", line 1118, in <module>
    raise SystemExit(main())
                     ~~~~^^
  File "C:\Users\daniy\Desktop\Projects\NewBot\.worktrees\bullet-beast\tools\experiment\match.py", line 1102, in main
    result = run_match(
        MatchSpec.from_json(args.config),
    ...<7 lines>...
        games=args.games,
    )
  File "C:\Users\daniy\Desktop\Projects\NewBot\.worktrees\bullet-beast\tools\experiment\match.py", line 1006, in run_match
    log_path.write_text(completed.stdout or "", encoding="utf-8", newline="\n")
    ~~~~~~~~~~~~~~~~~~~^^^^^^^^^^^^^^^^^^^^^^^^^^^^^^^^^^^^^^^^^^^^^^^^^^^^^^^^
  File "C:\Users\daniy\AppData\Local\Programs\Python\Python313\Lib\pathlib\_local.py", line 555, in write_text
    return PathBase.write_text(self, data, encoding, errors, newline)
           ~~~~~~~~~~~~~~~~~~~^^^^^^^^^^^^^^^^^^^^^^^^^^^^^^^^^^^^^^^
  File "C:\Users\daniy\AppData\Local\Programs\Python\Python313\Lib\pathlib\_abc.py", line 651, in write_text
    with self.open(mode='w', encoding=encoding, errors=errors, newline=newline) as f:
         ~~~~~~~~~^^^^^^^^^^^^^^^^^^^^^^^^^^^^^^^^^^^^^^^^^^^^^^^^^^^^^^^^^^^^^
  File "C:\Users\daniy\AppData\Local\Programs\Python\Python313\Lib\pathlib\_local.py", line 537, in open
    return io.open(self, mode, buffering, encoding, errors, newline)
           ~~~~~~~^^^^^^^^^^^^^^^^^^^^^^^^^^^^^^^^^^^^^^^^^^^^^^^^^^
FileNotFoundError: [Errno 2] No such file or directory: 'local-8g-out\\runner.log'
